<?xml version="1.0" encoding="UTF-8"?>
<!-- Generated by org.testng.reporters.JUnitReportReporter -->
<testsuite hostname="Expert" failures="0" tests="2" name="MyMavenProject2.MyMavenProject2.NewTourTestClass" time="10.048" errors="0" timestamp="03 Nov 2021 13:49:17 GMT" skipped="0">
  <testcase classname="MyMavenProject2.MyMavenProject2.NewTourTestClass" name="logoVerification" time="2.645"/>
  <testcase classname="MyMavenProject2.MyMavenProject2.NewTourTestClass" name="verifyFlightTab" time="7.403"/>
</testsuite> <!-- MyMavenProject2.MyMavenProject2.NewTourTestClass -->
