<?xml version="1.0" encoding="UTF-8"?>
<!-- Generated by org.testng.reporters.JUnitReportReporter -->
<testsuite hostname="Expert" failures="0" tests="1" name="MyMavenProject2.GroupingPractice" time="0.026" errors="0" timestamp="04 Nov 2021 13:53:21 GMT" skipped="0">
  <testcase classname="MyMavenProject2.GroupingPractice" name="method2" time="0.026"/>
</testsuite> <!-- MyMavenProject2.GroupingPractice -->
