<?xml version="1.0" encoding="UTF-8"?>
<!-- Generated by org.testng.reporters.JUnitReportReporter -->
<testsuite hostname="Expert" failures="0" tests="2" name="MyMavenProject2.NewTourTestClass" time="11.300" errors="0" timestamp="06 Nov 2021 14:45:19 GMT" skipped="0">
  <testcase classname="MyMavenProject2.NewTourTestClass" name="verifyFlightTab" time="7.738"/>
  <testcase classname="MyMavenProject2.NewTourTestClass" name="logoVerification" time="3.562"/>
</testsuite> <!-- MyMavenProject2.NewTourTestClass -->
