<?xml version="1.0" encoding="UTF-8"?>
<!-- Generated by org.testng.reporters.JUnitReportReporter -->
<testsuite hostname="Expert" failures="0" tests="1" name="MyMavenProject2.AppTest" time="0.053" errors="0" timestamp="07 Nov 2021 20:02:29 GMT" skipped="0">
  <testcase classname="MyMavenProject2.AppTest" name="shouldAnswerWithTrue" time="0.053"/>
</testsuite> <!-- MyMavenProject2.AppTest -->
